This file contains any messages produced by compilers while
running configure, to aid debugging if configure makes a mistake.

It was created by RCS_AS configure 0.1, which was
generated by GNU Autoconf 2.69.  Invocation command line was

  $ ./configure --host=arm-linux

## --------- ##
## Platform. ##
## --------- ##

hostname = gog
uname -m = x86_64
uname -r = 5.13.2-051302-generic
uname -s = Linux
uname -v = #202107141437 SMP Wed Jul 14 18:40:02 UTC 2021

/usr/bin/uname -p = unknown
/bin/uname -X     = unknown

/bin/arch              = unknown
/usr/bin/arch -k       = unknown
/usr/convex/getsysinfo = unknown
/usr/bin/hostinfo      = unknown
/bin/machine           = unknown
/usr/bin/oslevel       = unknown
/bin/universe          = unknown

PATH: /home/amneiht/app/arm-amneiht-linux-uclibcgnueabihf_sdk-buildroot/bin
PATH: /usr/local/sbin
PATH: /usr/local/bin
PATH: /usr/sbin
PATH: /usr/bin
PATH: /sbin
PATH: /bin
PATH: /usr/games
PATH: /usr/local/games
PATH: /snap/bin
PATH: /usr/local/bin


## ----------- ##
## Core tests. ##
## ----------- ##

configure:1863: checking for a BSD-compatible install
configure:1931: result: /usr/bin/install -c
configure:1942: checking whether build environment is sane
configure:1997: result: yes
configure:2054: checking for arm-linux-strip
configure:2070: found /home/amneiht/app/arm-amneiht-linux-uclibcgnueabihf_sdk-buildroot/bin/arm-linux-strip
configure:2081: result: arm-linux-strip
configure:2146: checking for a thread-safe mkdir -p
configure:2185: result: /bin/mkdir -p
configure:2192: checking for gawk
configure:2208: found /usr/bin/gawk
configure:2219: result: gawk
configure:2230: checking whether make sets $(MAKE)
configure:2252: result: yes
configure:2281: checking whether make supports nested variables
configure:2298: result: yes
configure:2436: checking whether make supports nested variables
configure:2453: result: yes
configure:2473: checking for arm-linux-gcc
configure:2489: found /home/amneiht/app/arm-amneiht-linux-uclibcgnueabihf_sdk-buildroot/bin/arm-linux-gcc
configure:2500: result: arm-linux-gcc
configure:2769: checking for C compiler version
configure:2778: arm-linux-gcc --version >&5
arm-linux-gcc.br_real (Buildroot 2020.05-git-00196-g3a630c5759-dirty) 8.3.0
Copyright (C) 2018 Free Software Foundation, Inc.
This is free software; see the source for copying conditions.  There is NO
warranty; not even for MERCHANTABILITY or FITNESS FOR A PARTICULAR PURPOSE.

configure:2789: $? = 0
configure:2778: arm-linux-gcc -v >&5
Using built-in specs.
COLLECT_GCC=/home/amneiht/app/arm-amneiht-linux-uclibcgnueabihf_sdk-buildroot/bin/arm-linux-gcc.br_real
COLLECT_LTO_WRAPPER=/home/amneiht/app/arm-amneiht-linux-uclibcgnueabihf_sdk-buildroot/bin/../libexec/gcc/arm-amneiht-linux-uclibcgnueabihf/8.3.0/lto-wrapper
Target: arm-amneiht-linux-uclibcgnueabihf
Configured with: ./configure --prefix=/home/kdich/workspace/Dev/Zynq/buildroot/output_fax/host --sysconfdir=/home/kdich/workspace/Dev/Zynq/buildroot/output_fax/host/etc --enable-static --target=arm-amneiht-linux-uclibcgnueabihf --with-sysroot=/home/kdich/workspace/Dev/Zynq/buildroot/output_fax/host/arm-amneiht-linux-uclibcgnueabihf/sysroot --enable-__cxa_atexit --with-gnu-ld --disable-libssp --disable-multilib --disable-decimal-float --with-gmp=/home/kdich/workspace/Dev/Zynq/buildroot/output_fax/host --with-mpc=/home/kdich/workspace/Dev/Zynq/buildroot/output_fax/host --with-mpfr=/home/kdich/workspace/Dev/Zynq/buildroot/output_fax/host --with-pkgversion='Buildroot 2020.05-git-00196-g3a630c5759-dirty' --with-bugurl=http://bugs.buildroot.net/ --disable-libquadmath --disable-libsanitizer --enable-tls --enable-threads --without-isl --without-cloog --with-abi=aapcs-linux --with-cpu=cortex-a9 --with-fpu=vfpv3-d16 --with-float=hard --with-mode=arm --enable-languages=c,c++ --with-build-time-tools=/home/kdich/workspace/Dev/Zynq/buildroot/output_fax/host/arm-amneiht-linux-uclibcgnueabihf/bin --enable-shared --disable-libgomp
Thread model: posix
gcc version 8.3.0 (Buildroot 2020.05-git-00196-g3a630c5759-dirty) 
configure:2789: $? = 0
configure:2778: arm-linux-gcc -V >&5
arm-linux-gcc.br_real: error: unrecognized command line option '-V'
arm-linux-gcc.br_real: fatal error: no input files
compilation terminated.
configure:2789: $? = 1
configure:2778: arm-linux-gcc -qversion >&5
arm-linux-gcc.br_real: error: unrecognized command line option '-qversion'; did you mean '--version'?
arm-linux-gcc.br_real: fatal error: no input files
compilation terminated.
configure:2789: $? = 1
configure:2809: checking whether the C compiler works
configure:2831: arm-linux-gcc    conftest.c  >&5
configure:2835: $? = 0
configure:2883: result: yes
configure:2886: checking for C compiler default output file name
configure:2888: result: a.out
configure:2894: checking for suffix of executables
configure:2901: arm-linux-gcc -o conftest    conftest.c  >&5
configure:2905: $? = 0
configure:2927: result: 
configure:2949: checking whether we are cross compiling
configure:2957: arm-linux-gcc -o conftest    conftest.c  >&5
configure:2961: $? = 0
configure:2968: ./conftest
./configure: line 2970: ./conftest: cannot execute binary file: Exec format error
configure:2972: $? = 126
configure:2960: result: yes
configure:2965: checking for suffix of object files
configure:2987: arm-linux-gcc -c   conftest.c >&5
configure:2991: $? = 0
configure:3012: result: o
configure:3016: checking whether we are using the GNU C compiler
configure:3035: arm-linux-gcc -c   conftest.c >&5
configure:3035: $? = 0
configure:3044: result: yes
configure:3053: checking whether arm-linux-gcc accepts -g
configure:3073: arm-linux-gcc -c -g  conftest.c >&5
configure:3073: $? = 0
configure:3114: result: yes
configure:3131: checking for arm-linux-gcc option to accept ISO C89
configure:3194: arm-linux-gcc  -c -g -O2  conftest.c >&5
configure:3194: $? = 0
configure:3207: result: none needed
configure:3232: checking whether arm-linux-gcc understands -c and -o together
configure:3254: arm-linux-gcc -c conftest.c -o conftest2.o
configure:3257: $? = 0
configure:3254: arm-linux-gcc -c conftest.c -o conftest2.o
configure:3257: $? = 0
configure:3269: result: yes
configure:3289: checking whether make supports the include directive
configure:3304: make -f confmf.GNU && cat confinc.out
this is the am__doit target
configure:3307: $? = 0
configure:3326: result: yes (GNU style)
configure:3351: checking dependency style of arm-linux-gcc
configure:3462: result: gcc3
configure:3483: checking for arm-linux-ar
configure:3499: found /home/amneiht/app/arm-amneiht-linux-uclibcgnueabihf_sdk-buildroot/bin/arm-linux-ar
configure:3510: result: arm-linux-ar
configure:3580: checking the archiver (arm-linux-ar) interface
configure:3596: arm-linux-gcc -c -g -O2  conftest.c >&5
configure:3596: $? = 0
configure:3598: arm-linux-ar cru libconftest.a conftest.o >&5
configure:3601: $? = 0
configure:3600: result: ar
configure:3623: checking for arm-linux-ranlib
configure:3639: found /home/amneiht/app/arm-amneiht-linux-uclibcgnueabihf_sdk-buildroot/bin/arm-linux-ranlib
configure:3650: result: arm-linux-ranlib
configure:3724: checking for arm-linux-pkg-config
configure:3757: result: no
configure:3767: checking for pkg-config
configure:3785: found /home/amneiht/app/arm-amneiht-linux-uclibcgnueabihf_sdk-buildroot/bin/pkg-config
configure:3797: result: /home/amneiht/app/arm-amneiht-linux-uclibcgnueabihf_sdk-buildroot/bin/pkg-config
configure:3809: WARNING: using cross tools not prefixed with host triplet
configure:3822: checking pkg-config is at least version 0.9.0
configure:3825: result: yes
configure:3835: checking for PJSIP
configure:3842: $PKG_CONFIG --exists --print-errors "libpjproject"
configure:3845: $? = 0
configure:3859: $PKG_CONFIG --exists --print-errors "libpjproject"
configure:3862: $? = 0
configure:3920: result: yes
configure:4088: checking that generated files are newer than configure
configure:4094: result: done
configure:4117: creating ./config.status

## ---------------------- ##
## Running config.status. ##
## ---------------------- ##

This file was extended by RCS_AS config.status 0.1, which was
generated by GNU Autoconf 2.69.  Invocation command line was

  CONFIG_FILES    = 
  CONFIG_HEADERS  = 
  CONFIG_LINKS    = 
  CONFIG_COMMANDS = 
  $ ./config.status 

on gog

config.status:784: creating Makefile
config.status:784: creating output/Makefile
config.status:956: executing depfiles commands
config.status:1033: cd output       && sed -e '/# am--include-marker/d' Makefile         | make -f - am--depfiles
config.status:1038: $? = 0

## ---------------- ##
## Cache variables. ##
## ---------------- ##

ac_cv_c_compiler_gnu=yes
ac_cv_env_CC_set=
ac_cv_env_CC_value=
ac_cv_env_CFLAGS_set=
ac_cv_env_CFLAGS_value=
ac_cv_env_CPPFLAGS_set=
ac_cv_env_CPPFLAGS_value=
ac_cv_env_LDFLAGS_set=
ac_cv_env_LDFLAGS_value=
ac_cv_env_LIBS_set=
ac_cv_env_LIBS_value=
ac_cv_env_PJSIP_CFLAGS_set=
ac_cv_env_PJSIP_CFLAGS_value=
ac_cv_env_PJSIP_LIBS_set=
ac_cv_env_PJSIP_LIBS_value=
ac_cv_env_PKG_CONFIG_LIBDIR_set=
ac_cv_env_PKG_CONFIG_LIBDIR_value=
ac_cv_env_PKG_CONFIG_PATH_set=
ac_cv_env_PKG_CONFIG_PATH_value=
ac_cv_env_PKG_CONFIG_set=
ac_cv_env_PKG_CONFIG_value=
ac_cv_env_build_alias_set=
ac_cv_env_build_alias_value=
ac_cv_env_host_alias_set=set
ac_cv_env_host_alias_value=arm-linux
ac_cv_env_target_alias_set=
ac_cv_env_target_alias_value=
ac_cv_objext=o
ac_cv_path_ac_pt_PKG_CONFIG=/home/amneiht/app/arm-amneiht-linux-uclibcgnueabihf_sdk-buildroot/bin/pkg-config
ac_cv_path_install='/usr/bin/install -c'
ac_cv_path_mkdir=/bin/mkdir
ac_cv_prog_AR=arm-linux-ar
ac_cv_prog_AWK=gawk
ac_cv_prog_CC=arm-linux-gcc
ac_cv_prog_RANLIB=arm-linux-ranlib
ac_cv_prog_STRIP=arm-linux-strip
ac_cv_prog_cc_c89=
ac_cv_prog_cc_g=yes
ac_cv_prog_make_make_set=yes
am_cv_CC_dependencies_compiler_type=gcc3
am_cv_ar_interface=ar
am_cv_make_support_nested_variables=yes
am_cv_prog_cc_c_o=yes
pkg_cv_PJSIP_CFLAGS='-DPJ_AUTOCONF=1 -I/home/amneiht/app/arm-amneiht-linux-uclibcgnueabihf_sdk-buildroot/bin/../arm-amneiht-linux-uclibcgnueabihf/sysroot/home/amneiht/app/arm-amneiht-linux-uclibcgnueabihf_sdk-buildroot/arm-amneiht-linux-uclibcgnueabihf/sysroot/usr/include -D_LARGEFILE_SOURCE -D_LARGEFILE64_SOURCE -D_FILE_OFFSET_BITS=64 -Os -DPJ_HAS_IPV6=1 -DPJ_IS_BIG_ENDIAN=0 -DPJ_IS_LITTLE_ENDIAN=1 -fPIC '
pkg_cv_PJSIP_LIBS='-L/home/amneiht/app/arm-amneiht-linux-uclibcgnueabihf_sdk-buildroot/bin/../arm-amneiht-linux-uclibcgnueabihf/sysroot/usr/lib -lpjsua2 -lstdc++ -lpjsua -lpjsip-ua -lpjsip-simple -lpjsip -lpjmedia-codec -lpjmedia-videodev -lpjmedia-audiodev -lpjmedia -lpjnath -lpjlib-util -lg7221codec -lsrtp2 -lspeex -lspeexdsp -lpj -lbcg729 -lssl -lcrypto -lsamplerate -lm -lrt -lpthread -lopencore-amrnb -lopencore-amrwb '

## ----------------- ##
## Output variables. ##
## ----------------- ##

ACLOCAL='${SHELL} /home/amneiht/app/code/eclipse-workspace/libmsrp/build/missing aclocal-1.16'
AMDEPBACKSLASH='\'
AMDEP_FALSE='#'
AMDEP_TRUE=''
AMTAR='$${TAR-tar}'
AM_BACKSLASH='\'
AM_DEFAULT_V='$(AM_DEFAULT_VERBOSITY)'
AM_DEFAULT_VERBOSITY='0'
AM_V='$(V)'
AR='arm-linux-ar'
AUTOCONF='${SHELL} /home/amneiht/app/code/eclipse-workspace/libmsrp/build/missing autoconf'
AUTOHEADER='${SHELL} /home/amneiht/app/code/eclipse-workspace/libmsrp/build/missing autoheader'
AUTOMAKE='${SHELL} /home/amneiht/app/code/eclipse-workspace/libmsrp/build/missing automake-1.16'
AWK='gawk'
BDIR='arm-linux'
CC='arm-linux-gcc'
CCDEPMODE='depmode=gcc3'
CFLAGS='-g -O2'
CPPFLAGS=''
CYGPATH_W='echo'
DEFS='-DPACKAGE_NAME=\"RCS_AS\" -DPACKAGE_TARNAME=\"rcs_as\" -DPACKAGE_VERSION=\"0.1\" -DPACKAGE_STRING=\"RCS_AS\ 0.1\" -DPACKAGE_BUGREPORT=\"\" -DPACKAGE_URL=\"\" -DPACKAGE=\"rcs_as\" -DVERSION=\"0.1\"'
DEPDIR='.deps'
ECHO_C=''
ECHO_N='-n'
ECHO_T=''
EXEEXT=''
INSTALL_DATA='${INSTALL} -m 644'
INSTALL_PROGRAM='${INSTALL}'
INSTALL_SCRIPT='${INSTALL}'
INSTALL_STRIP_PROGRAM='$(install_sh) -c -s'
LDFLAGS=''
LIBOBJS=''
LIBS=''
LIB_NAME='lmsrp_arm-linux'
LTLIBOBJS=''
MAKEINFO='${SHELL} /home/amneiht/app/code/eclipse-workspace/libmsrp/build/missing makeinfo'
MKDIR_P='/bin/mkdir -p'
OBJEXT='o'
PACKAGE='rcs_as'
PACKAGE_BUGREPORT=''
PACKAGE_NAME='RCS_AS'
PACKAGE_STRING='RCS_AS 0.1'
PACKAGE_TARNAME='rcs_as'
PACKAGE_URL=''
PACKAGE_VERSION='0.1'
PATH_SEPARATOR=':'
PJSIP_CFLAGS='-DPJ_AUTOCONF=1 -I/home/amneiht/app/arm-amneiht-linux-uclibcgnueabihf_sdk-buildroot/bin/../arm-amneiht-linux-uclibcgnueabihf/sysroot/home/amneiht/app/arm-amneiht-linux-uclibcgnueabihf_sdk-buildroot/arm-amneiht-linux-uclibcgnueabihf/sysroot/usr/include -D_LARGEFILE_SOURCE -D_LARGEFILE64_SOURCE -D_FILE_OFFSET_BITS=64 -Os -DPJ_HAS_IPV6=1 -DPJ_IS_BIG_ENDIAN=0 -DPJ_IS_LITTLE_ENDIAN=1 -fPIC '
PJSIP_LIBS='-L/home/amneiht/app/arm-amneiht-linux-uclibcgnueabihf_sdk-buildroot/bin/../arm-amneiht-linux-uclibcgnueabihf/sysroot/usr/lib -lpjsua2 -lstdc++ -lpjsua -lpjsip-ua -lpjsip-simple -lpjsip -lpjmedia-codec -lpjmedia-videodev -lpjmedia-audiodev -lpjmedia -lpjnath -lpjlib-util -lg7221codec -lsrtp2 -lspeex -lspeexdsp -lpj -lbcg729 -lssl -lcrypto -lsamplerate -lm -lrt -lpthread -lopencore-amrnb -lopencore-amrwb '
PKG_CONFIG='/home/amneiht/app/arm-amneiht-linux-uclibcgnueabihf_sdk-buildroot/bin/pkg-config'
PKG_CONFIG_LIBDIR=''
PKG_CONFIG_PATH=''
RANLIB='arm-linux-ranlib'
SET_MAKE=''
SHELL='/bin/bash'
STRIP='arm-linux-strip'
VERSION='0.1'
ac_ct_AR=''
ac_ct_CC=''
am__EXEEXT_FALSE=''
am__EXEEXT_TRUE='#'
am__fastdepCC_FALSE='#'
am__fastdepCC_TRUE=''
am__include='include'
am__isrc=''
am__leading_dot='.'
am__nodep='_no'
am__quote=''
am__tar='$${TAR-tar} chof - "$$tardir"'
am__untar='$${TAR-tar} xf -'
bindir='${exec_prefix}/bin'
build_alias=''
datadir='${datarootdir}'
datarootdir='${prefix}/share'
docdir='${datarootdir}/doc/${PACKAGE_TARNAME}'
dvidir='${docdir}'
exec_prefix='${prefix}'
host_alias='arm-linux'
htmldir='${docdir}'
includedir='${prefix}/include'
infodir='${datarootdir}/info'
install_sh='${SHELL} /home/amneiht/app/code/eclipse-workspace/libmsrp/build/install-sh'
libdir='${exec_prefix}/lib'
libexecdir='${exec_prefix}/libexec'
localedir='${datarootdir}/locale'
localstatedir='${prefix}/var'
mandir='${datarootdir}/man'
mkdir_p='$(MKDIR_P)'
oldincludedir='/usr/include'
pdfdir='${docdir}'
prefix='/usr/local'
program_transform_name='s,x,x,'
psdir='${docdir}'
runstatedir='${localstatedir}/run'
sbindir='${exec_prefix}/sbin'
sharedstatedir='${prefix}/com'
sysconfdir='${prefix}/etc'
target_alias=''

## ----------- ##
## confdefs.h. ##
## ----------- ##

/* confdefs.h */
#define PACKAGE_NAME "RCS_AS"
#define PACKAGE_TARNAME "rcs_as"
#define PACKAGE_VERSION "0.1"
#define PACKAGE_STRING "RCS_AS 0.1"
#define PACKAGE_BUGREPORT ""
#define PACKAGE_URL ""
#define PACKAGE "rcs_as"
#define VERSION "0.1"

configure: exit 0
